<?xml version="1.0" encoding="UTF-8"?>
<!-- Generated by org.testng.reporters.JUnitXMLReporter -->
<testsuite ignored="0" hostname="item-S88632" failures="2" tests="5" name="Test" time="15.563" errors="0" timestamp="2021-07-20T19:22:07 IST">
  <testcase classname="endtoend.HomePage" name="basePageNavigation" time="4.151"/>
  <testcase classname="endtoend.HomePage" name="basePageNavigation" time="1.312"/>
  <testcase classname="endtoend.ValidateNavigationBar" name="basePageNavigation" time="0.062"/>
  <testcase classname="endtoend.ValidateTitle" name="basePageNavigation" time="0.024">
    <failure type="java.lang.AssertionError" message="expected [FEATURED COURSES123] but found [FEATURED COURSES]">
      <![CDATA[java.lang.AssertionError: expected [FEATURED COURSES123] but found [FEATURED COURSES]
at endtoend.ValidateTitle.basePageNavigation(ValidateTitle.java:29)
at java.base/java.util.ArrayList.forEach(ArrayList.java:1540)
... Removed 37 stack frames]]>
    </failure>
  </testcase> <!-- basePageNavigation -->
  <testcase classname="endtoend.ValidateTitle" name="basePageNavigation" time="0.027">
    <failure type="java.lang.NullPointerException">
      <![CDATA[java.lang.NullPointerException
at resources.base.getScreenShotPath(base.java:43)
at endtoend.Listeners.onTestFailure(Listeners.java:23)
at java.base/java.util.ArrayList.forEach(ArrayList.java:1540)
... Removed 28 stack frames]]>
    </failure>
  </testcase> <!-- basePageNavigation -->
</testsuite> <!-- Test -->
