<?xml version="1.0" encoding="UTF-8"?>
<!-- Generated by org.testng.reporters.JUnitXMLReporter -->
<testsuite ignored="0" hostname="HP-LAPTOP" failures="1" tests="1" name="Test3" time="5.123" errors="0" timestamp="2021-07-29T08:00:07 IST">
  <testcase classname="endtoend.ValidateTitle" name="validateTitle" time="0.061">
    <failure type="java.lang.AssertionError" message="expected [FEATURED COURSES123] but found [FEATURED COURSES]">
      <![CDATA[java.lang.AssertionError: expected [FEATURED COURSES123] but found [FEATURED COURSES]
at endtoend.ValidateTitle.validateTitle(ValidateTitle.java:30)
at java.base/java.util.ArrayList.forEach(ArrayList.java:1541)
... Removed 37 stack frames]]>
    </failure>
  </testcase> <!-- validateTitle -->
</testsuite> <!-- Test3 -->
