-------------------------------------------------------------------------------
Test set: TestSuite
-------------------------------------------------------------------------------
Tests run: 4, Failures: 1, Errors: 0, Skipped: 0, Time elapsed: 26.335 s <<< FAILURE! - in TestSuite
endtoend.ValidateTitle.validateTitle  Time elapsed: 0.033 s  <<< FAILURE!
java.lang.AssertionError: expected [FEATURED COURSES123] but found [FEATURED COURSES]
	at endtoend.ValidateTitle.validateTitle(ValidateTitle.java:30)

